<?xml version="1.0" encoding="UTF-8"?>
<!-- Generated by org.testng.reporters.JUnitReportReporter -->
<testsuite hostname="5H5BCK3" failures="0" tests="1" name="com.Itqan.testcases.SignupPageTest" time="111.902" errors="0" timestamp="2023-01-28T15:31:13 EET" skipped="0">
  <testcase classname="com.Itqan.testcases.SignupPageTest" name="Signup" time="111.902"/>
  <system-out/>
</testsuite> <!-- com.Itqan.testcases.SignupPageTest -->
