<?xml version="1.0" encoding="UTF-8"?>
<!-- Generated by org.testng.reporters.JUnitReportReporter -->
<testsuite hostname="5H5BCK3" failures="0" tests="1" name="com.Itqan.testcases.HomePageTest" time="89.046" errors="0" timestamp="2023-01-28T15:31:13 EET" skipped="0">
  <testcase classname="com.Itqan.testcases.HomePageTest" name="NavigatingToSignupPage" time="89.046"/>
  <system-out/>
</testsuite> <!-- com.Itqan.testcases.HomePageTest -->
